# JRE version: OpenJDK Runtime Environment (24.0.1+9) (build 24.0.1+9-30)
# Java VM: OpenJDK 64-Bit Server VM (24.0.1+9-30, mixed mode, emulated-client, sharing, tiered, compressed oops, compressed class ptrs, g1 gc, windows-amd64)
GC Precious Log:
 CardTable entry size: 512
 Card Set container configuration: InlinePtr #cards 4 size 8 Array Of Cards #cards 64 size 144 Howl #buckets 8 coarsen threshold 14745 Howl Bitmap #cards 2048 size 272 coarsen threshold 1843 Card regions per heap region 1 cards per card region 16384
 CPUs: 24 total, 24 available
 Memory: 65349M
 Large Page Support: Disabled
 NUMA Support: Disabled
 Compressed Oops: Enabled (Zero based)
 Heap Region Size: 8M
 Heap Min Capacity: 8M
 Heap Initial Capacity: 1G
 Heap Max Capacity: 16344M
 Pre-touch: Disabled
 Parallel Workers: 18
 Concurrent Workers: 5
 Concurrent Refinement Workers: 18
 Periodic GC: Disabled
Heap:
 garbage-first heap   total reserved 16736256K, committed 90112K, used 38131K [0x0000000402800000, 0x0000000800000000)
  region size 8192K, 4 young (32768K), 1 survivors (8192K)
 Metaspace       used 44767K, committed 45312K, reserved 1114112K
  class space    used 4824K, committed 5056K, reserved 1048576K
GC Heap History (12 events):
Event: 0.687 GC heap before
{Heap before GC invocations=0 (full 0):
 garbage-first heap   total reserved 16736256K, committed 1056768K, used 50288K [0x0000000402800000, 0x0000000800000000)
  region size 8192K, 6 young (49152K), 0 survivors (0K)
 Metaspace       used 12250K, committed 12416K, reserved 1114112K
  class space    used 1124K, committed 1216K, reserved 1048576K
}
Event: 0.689 GC heap after
{Heap after GC invocations=1 (full 0):
 garbage-first heap   total reserved 16736256K, committed 1056768K, used 6871K [0x0000000402800000, 0x0000000800000000)
  region size 8192K, 1 young (8192K), 1 survivors (8192K)
 Metaspace       used 12250K, committed 12416K, reserved 1114112K
  class space    used 1124K, committed 1216K, reserved 1048576K
}
Event: 0.924 GC heap before
{Heap before GC invocations=1 (full 0):
 garbage-first heap   total reserved 16736256K, committed 1056768K, used 56023K [0x0000000402800000, 0x0000000800000000)
  region size 8192K, 8 young (65536K), 1 survivors (8192K)
 Metaspace       used 21315K, committed 21504K, reserved 1114112K
  class space    used 2206K, committed 2304K, reserved 1048576K
}
Event: 0.927 GC heap after
{Heap after GC invocations=2 (full 0):
 garbage-first heap   total reserved 16736256K, committed 1056768K, used 10181K [0x0000000402800000, 0x0000000800000000)
  region size 8192K, 2 young (16384K), 2 survivors (16384K)
 Metaspace       used 21315K, committed 21504K, reserved 1114112K
  class space    used 2206K, committed 2304K, reserved 1048576K
}
Event: 1.065 GC heap before
{Heap before GC invocations=3 (full 0):
 garbage-first heap   total reserved 16736256K, committed 81920K, used 67525K [0x0000000402800000, 0x0000000800000000)
  region size 8192K, 9 young (73728K), 2 survivors (16384K)
 Metaspace       used 28570K, committed 28864K, reserved 1114112K
  class space    used 2905K, committed 3072K, reserved 1048576K
}
Event: 1.069 GC heap after
{Heap after GC invocations=4 (full 0):
 garbage-first heap   total reserved 16736256K, committed 98304K, used 13102K [0x0000000402800000, 0x0000000800000000)
  region size 8192K, 2 young (16384K), 2 survivors (16384K)
 Metaspace       used 28570K, committed 28864K, reserved 1114112K
  class space    used 2905K, committed 3072K, reserved 1048576K
}
Event: 1.200 GC heap before
{Heap before GC invocations=4 (full 0):
 garbage-first heap   total reserved 16736256K, committed 98304K, used 54062K [0x0000000402800000, 0x0000000800000000)
  region size 8192K, 7 young (57344K), 2 survivors (16384K)
 Metaspace       used 30943K, committed 31168K, reserved 1114112K
  class space    used 3171K, committed 3264K, reserved 1048576K
}
Event: 1.204 GC heap after
{Heap after GC invocations=5 (full 0):
 garbage-first heap   total reserved 16736256K, committed 98304K, used 15219K [0x0000000402800000, 0x0000000800000000)
  region size 8192K, 1 young (8192K), 1 survivors (8192K)
 Metaspace       used 30943K, committed 31168K, reserved 1114112K
  class space    used 3171K, committed 3264K, reserved 1048576K
}
Event: 1.426 GC heap before
{Heap before GC invocations=5 (full 0):
 garbage-first heap   total reserved 16736256K, committed 98304K, used 56179K [0x0000000402800000, 0x0000000800000000)
  region size 8192K, 7 young (57344K), 1 survivors (8192K)
 Metaspace       used 36081K, committed 36416K, reserved 1114112K
  class space    used 3774K, committed 3968K, reserved 1048576K
}
Event: 1.429 GC heap after
{Heap after GC invocations=6 (full 0):
 garbage-first heap   total reserved 16736256K, committed 98304K, used 17847K [0x0000000402800000, 0x0000000800000000)
  region size 8192K, 1 young (8192K), 1 survivors (8192K)
 Metaspace       used 36081K, committed 36416K, reserved 1114112K
  class space    used 3774K, committed 3968K, reserved 1048576K
}
Event: 1.742 GC heap before
{Heap before GC invocations=7 (full 0):
 garbage-first heap   total reserved 16736256K, committed 81920K, used 66999K [0x0000000402800000, 0x0000000800000000)
  region size 8192K, 7 young (57344K), 1 survivors (8192K)
 Metaspace       used 41423K, committed 41920K, reserved 1114112K
  class space    used 4441K, committed 4672K, reserved 1048576K
}
Event: 1.745 GC heap after
{Heap after GC invocations=8 (full 0):
 garbage-first heap   total reserved 16736256K, committed 90112K, used 21747K [0x0000000402800000, 0x0000000800000000)
  region size 8192K, 1 young (8192K), 1 survivors (8192K)
 Metaspace       used 41423K, committed 41920K, reserved 1114112K
  class space    used 4441K, committed 4672K, reserved 1048576K
}

